<?xml version="1.0" encoding="UTF-8"?>
<!-- Generated by org.testng.reporters.JUnitXMLReporter -->
<testsuite ignored="0" hostname="PC0CM2P4" failures="1" tests="1" name="Default test" time="1.494" errors="0" timestamp="2024-03-04T17:11:40 IST">
  <testcase classname="io.cucumber.testng.AbstractTestNGCucumberTests" name="runScenario" time="0.311">
    <failure type="java.lang.NullPointerException" message="Cannot invoke &amp;quot;String.equalsIgnoreCase(String)&amp;quot; because &amp;quot;browserName&amp;quot; is null">
      <![CDATA[java.lang.NullPointerException: Cannot invoke "String.equalsIgnoreCase(String)" because "browserName" is null
at rahulshettyacademy.TestComponent.BaseTest.initializeDriver(BaseTest.java:25)
at rahulshettyacademy.TestComponent.BaseTest.launchApplication(BaseTest.java:42)
at rahulshettyacademy.stepDefinition.stepDefinitionImpl.I_landed_on_Ecommerce_page(stepDefinitionImpl.java:20)
at ✽.I landed on Ecommerce page(file:///D:/Users/Administrator/eclipse-workspace/SeleniumFramworkDesign/src/test/java/Cucumber/OrderSubmit.feature:7)
]]>
    </failure>
  </testcase> <!-- runScenario -->
</testsuite> <!-- Default test -->
