<?xml version="1.0" encoding="UTF-8"?>
<!-- Generated by org.testng.reporters.JUnitReportReporter -->
<testsuite hostname="PC0CM2P4" failures="0" tests="1" name="Cucumber.testNGTestRunner" time="0.311" errors="1" timestamp="2024-03-04T17:11:41 IST" skipped="0">
  <testcase classname="Cucumber.testNGTestRunner" name="runScenario" time="0.311">
    <error message="Cannot invoke &quot;String.equalsIgnoreCase(String)&quot; because &quot;browserName&quot; is null" type="java.lang.NullPointerException">
      <![CDATA[java.lang.NullPointerException: Cannot invoke "String.equalsIgnoreCase(String)" because "browserName" is null
at rahulshettyacademy.TestComponent.BaseTest.initializeDriver(BaseTest.java:25)
at rahulshettyacademy.TestComponent.BaseTest.launchApplication(BaseTest.java:42)
at rahulshettyacademy.stepDefinition.stepDefinitionImpl.I_landed_on_Ecommerce_page(stepDefinitionImpl.java:20)
at ✽.I landed on Ecommerce page(file:///D:/Users/Administrator/eclipse-workspace/SeleniumFramworkDesign/src/test/java/Cucumber/OrderSubmit.feature:7)
]]>
    </error>
  </testcase> <!-- runScenario -->
  <system-out/>
</testsuite> <!-- Cucumber.testNGTestRunner -->
